Added Component: Designator=J?(MSTBF_4)
Add component (AddParameter): Name = "Huella"; Value = "?"; VariantName = "[No Variations]"
Add component (AddParameter): Name = "Link_Supplier"; Value = "?"; VariantName = "[No Variations]"
Add component (AddParameter): Name = "Manufacturer"; Value = "?"; VariantName = "[No Variations]"
Add component (AddParameter): Name = "Manufacturer Part"; Value = "?"; VariantName = "[No Variations]"
Add component (AddParameter): Name = "Price"; Value = "?"; VariantName = "[No Variations]"
Add component (AddParameter): Name = "Supplier"; Value = "?"; VariantName = "[No Variations]"
Add component (AddParameter): Name = "Supplier Part"; Value = "?"; VariantName = "[No Variations]"
Add component (AddParameter): Name = "Value"; Value = "?"; VariantName = "[No Variations]"
Added Pin To Net: NetName=+5v Pin=1-2
Added Pin To Net: NetName=+5v Pin=C6-1
Added Pin To Net: NetName=+5v Pin=LM3-4
Added Pin To Net: NetName=+5v Pin=RON1-2
Added Net: Name=+5v
Added Pin To Net: NetName=GND Pin=C4-2
Added Pin To Net: NetName=GND Pin=C6-2
Added Pin To Net: NetName=GND Pin=D4-2
Added Pin To Net: NetName=GND Pin=J?-2
Added Pin To Net: NetName=GND Pin=Jack1-2
Added Pin To Net: NetName=GND Pin=LM3-3
Added Pin To Net: NetName=GND Pin=LM3-3
Added Pin To Net: NetName=GND Pin=LM3-5
Added Pin To Net: NetName=GND Pin=LON1-2
Added Pin To Net: NetName=GND Pin=MOD2-3
Added Pin To Net: NetName=GND Pin=MOD3-2
Added Net: Name=GND
Added Pin To Net: NetName=Net1_1 Pin=1-1
Added Pin To Net: NetName=Net1_1 Pin=D4-1
Added Pin To Net: NetName=Net1_1 Pin=LM3-2
Added Net: Name=Net1_1
Added Pin To Net: NetName=NetC4_1 Pin=C4-1
Added Pin To Net: NetName=NetC4_1 Pin=Jack1-1
Added Pin To Net: NetName=NetC4_1 Pin=LM3-1
Added Net: Name=NetC4_1
Added Pin To Net: NetName=NetLON1_1 Pin=LON1-1
Added Pin To Net: NetName=NetLON1_1 Pin=RON1-1
Added Net: Name=NetLON1_1
Added Pin To Net: NetName=RX Pin=MOD1-21
Added Pin To Net: NetName=RX Pin=MOD2-7
Added Net: Name=RX
Added Pin To Net: NetName=SCL Pin=J?-3
Added Pin To Net: NetName=SCL Pin=MOD1-6
Added Pin To Net: NetName=SCL Pin=MOD1-29
Added Pin To Net: NetName=SCL Pin=MOD3-3
Added Net: Name=SCL
Added Pin To Net: NetName=SDA Pin=J?-4
Added Pin To Net: NetName=SDA Pin=MOD1-7
Added Pin To Net: NetName=SDA Pin=MOD1-26
Added Pin To Net: NetName=SDA Pin=MOD3-4
Added Net: Name=SDA
Added Pin To Net: NetName=TX Pin=MOD1-22
Added Pin To Net: NetName=TX Pin=MOD2-6
Added Net: Name=TX
Added Pin To Net: NetName=VCC Pin=J?-1
Added Pin To Net: NetName=VCC Pin=MOD2-4
Added Pin To Net: NetName=VCC Pin=MOD3-1
Added Net: Name=VCC
Added Member To Class: ClassName=Sheet1 Member=Component 1 Inductor b1
Added Member To Class: ClassName=Sheet1 Member=Component C4 =VALUE
Added Member To Class: ClassName=Sheet1 Member=Component C6 =VALUE
Added Member To Class: ClassName=Sheet1 Member=Component D4 Diodo Schottky
Added Member To Class: ClassName=Sheet1 Member=Component J? ?
Added Member To Class: ClassName=Sheet1 Member=Component Jack1 Conector
Added Member To Class: ClassName=Sheet1 Member=Component LM3 LM2596
Added Member To Class: ClassName=Sheet1 Member=Component LON1 Led1206
Added Member To Class: ClassName=Sheet1 Member=Component RON1 Res 5k
